<?xml version="1.0" encoding="UTF-8"?>
<testng-results ignored="0" total="1" passed="1" failed="0" skipped="0">
  <reporter-output>
  </reporter-output>
  <suite started-at="2019-08-21T12:43:32Z" name="Default suite" finished-at="2019-08-21T12:44:20Z" duration-ms="48328">
    <groups>
    </groups>
    <test started-at="2019-08-21T12:43:32Z" name="Default test" finished-at="2019-08-21T12:44:20Z" duration-ms="48328">
      <class name="mavenproject.NewTest">
        <test-method is-config="true" signature="beforeClass()[pri:0, instance:mavenproject.NewTest@7748410a]" started-at="2019-08-21T12:43:32Z" name="beforeClass" finished-at="2019-08-21T12:43:38Z" duration-ms="6557" status="PASS">
          <reporter-output>
          </reporter-output>
        </test-method> <!-- beforeClass -->
        <test-method signature="openMyBlog()[pri:0, instance:mavenproject.NewTest@7748410a]" started-at="2019-08-21T12:43:38Z" name="openMyBlog" finished-at="2019-08-21T12:44:08Z" duration-ms="29426" status="PASS">
          <reporter-output>
          </reporter-output>
        </test-method> <!-- openMyBlog -->
        <test-method is-config="true" signature="afterClass()[pri:0, instance:mavenproject.NewTest@7748410a]" started-at="2019-08-21T12:44:08Z" name="afterClass" finished-at="2019-08-21T12:44:20Z" duration-ms="12315" status="PASS">
          <reporter-output>
          </reporter-output>
        </test-method> <!-- afterClass -->
      </class> <!-- mavenproject.NewTest -->
    </test> <!-- Default test -->
  </suite> <!-- Default suite -->
</testng-results>
